<?xml version="1.0" encoding="UTF-8"?>
<testng-results skipped="0" failed="0" ignored="0" total="1" passed="1">
  <reporter-output>
  </reporter-output>
  <suite name="Surefire suite" duration-ms="98" started-at="2019-02-27T12:19:43Z" finished-at="2019-02-27T12:19:43Z">
    <groups>
    </groups>
    <test name="Surefire test" duration-ms="98" started-at="2019-02-27T12:19:43Z" finished-at="2019-02-27T12:19:43Z">
      <class name="CountTest">
        <test-method status="PASS" signature="testAdd()[pri:0, instance:CountTest@1654a892]" name="testAdd" duration-ms="25" started-at="2019-02-27T12:19:43Z" finished-at="2019-02-27T12:19:43Z">
          <reporter-output>
          </reporter-output>
        </test-method> <!-- testAdd -->
      </class> <!-- CountTest -->
    </test> <!-- Surefire test -->
  </suite> <!-- Surefire suite -->
</testng-results>
